2021-10-16 14:04:01.889 +08:00 [ContentService] [Information] SkyApm.InstrumentStartup : Initializing ...
2021-10-16 14:04:01.950 +08:00 [ContentService] [Information] SkyApm.Service.RegisterService : Loaded instrument service [SkyApm.Service.RegisterService].
2021-10-16 14:04:01.951 +08:00 [ContentService] [Information] SkyApm.Service.PingService : Loaded instrument service [SkyApm.Service.PingService].
2021-10-16 14:04:01.951 +08:00 [ContentService] [Information] SkyApm.Service.ServiceDiscoveryV5Service : Loaded instrument service [SkyApm.Service.ServiceDiscoveryV5Service].
2021-10-16 14:04:01.951 +08:00 [ContentService] [Information] SkyApm.Service.SegmentReportService : Loaded instrument service [SkyApm.Service.SegmentReportService].
2021-10-16 14:04:01.952 +08:00 [ContentService] [Information] SkyApm.Service.CLRStatsService : Loaded instrument service [SkyApm.Service.CLRStatsService].
2021-10-16 14:04:01.952 +08:00 [ContentService] [Information] SkyApm.Sampling.SimpleCountSamplingInterceptor : Loaded instrument service [SkyApm.Sampling.SimpleCountSamplingInterceptor].
2021-10-16 14:04:01.952 +08:00 [ContentService] [Information] SkyApm.Transport.Grpc.V6.ConnectService : Loaded instrument service [SkyApm.Transport.Grpc.V6.ConnectService].
2021-10-16 14:04:02.221 +08:00 [ContentService] [Information] SkyApm.Diagnostics.TracingDiagnosticProcessorObserver : Loaded diagnostic listener [Microsoft.AspNetCore].
2021-10-16 14:04:02.222 +08:00 [ContentService] [Information] SkyApm.InstrumentStartup : Started SkyAPM .NET Core Agent.
2021-10-16 14:04:02.783 +08:00 [ContentService] [Information] SkyApm.Transport.Grpc.ConnectionManager : Connected server[localhost:11800].
2021-10-16 14:04:03.568 +08:00 [ContentService] [Information] SkyApm.Diagnostics.TracingDiagnosticProcessorObserver : Loaded diagnostic listener [HttpHandlerDiagnosticListener].
2021-10-16 14:04:03.641 +08:00 [ContentService] [Information] SkyApm.Service.RegisterService : Registered Service[Id=2].
2021-10-16 14:04:04.234 +08:00 [ContentService] [Information] SkyApm.Service.RegisterService : Registered ServiceInstance[Id=44].
2021-10-16 14:04:10.993 +08:00 [ContentService] [Information] SkyApm.Transport.Grpc.V6.SegmentReporter : Report 1 trace segment. cost: 00:00:00.0256448s
2021-10-16 14:04:22.964 +08:00 [ContentService] [Information] SkyApm.Transport.Grpc.V6.SegmentReporter : Report 1 trace segment. cost: 00:00:00.0023571s
2021-10-16 14:04:31.971 +08:00 [ContentService] [Information] SkyApm.Transport.Grpc.V6.SegmentReporter : Report 1 trace segment. cost: 00:00:00.0093926s
2021-10-16 14:04:31.981 +08:00 [ContentService] [Information] SkyApm.Service.PingService : Ping server @2021/10/16 6:04:31 +00:00
2021-10-16 14:04:31.983 +08:00 [ContentService] [Information] SkyApm.Service.CLRStatsService : Report CLR Stats. CPU UsagePercent 0 GenCollectCount 1 1 0 8M ThreadPool 32763 32767 1000 1000
2021-10-16 14:04:36.840 +08:00 [ContentService] [Information] SkyApm.Diagnostics.TracingDiagnosticProcessorObserver : Loaded diagnostic listener [Microsoft.EntityFrameworkCore].
2021-10-16 14:04:40.984 +08:00 [ContentService] [Information] SkyApm.Transport.Grpc.V6.SegmentReporter : Report 13 trace segment. cost: 00:00:00.0269308s
2021-10-16 14:04:52.962 +08:00 [ContentService] [Information] SkyApm.Transport.Grpc.V6.SegmentReporter : Report 1 trace segment. cost: 00:00:00.0018170s
2021-10-16 14:05:01.969 +08:00 [ContentService] [Information] SkyApm.Transport.Grpc.V6.SegmentReporter : Report 1 trace segment. cost: 00:00:00.0120876s
2021-10-16 14:05:01.979 +08:00 [ContentService] [Information] SkyApm.Service.CLRStatsService : Report CLR Stats. CPU UsagePercent 0.015625 GenCollectCount 1 1 0 9M ThreadPool 32756 32767 1000 1000
2021-10-16 14:05:10.959 +08:00 [ContentService] [Information] SkyApm.Transport.Grpc.V6.SegmentReporter : Report 1 trace segment. cost: 00:00:00.0017603s
2021-10-16 14:05:22.961 +08:00 [ContentService] [Information] SkyApm.Transport.Grpc.V6.SegmentReporter : Report 1 trace segment. cost: 00:00:00.0015198s
2021-10-16 14:05:31.964 +08:00 [ContentService] [Information] SkyApm.Service.PingService : Ping server @2021/10/16 6:05:31 +00:00
2021-10-16 14:05:31.964 +08:00 [ContentService] [Information] SkyApm.Transport.Grpc.V6.SegmentReporter : Report 1 trace segment. cost: 00:00:00.0034509s
2021-10-16 14:05:31.975 +08:00 [ContentService] [Information] SkyApm.Service.CLRStatsService : Report CLR Stats. CPU UsagePercent 0.03125 GenCollectCount 0 0 0 9M ThreadPool 32755 32767 1000 1000
2021-10-16 14:05:40.958 +08:00 [ContentService] [Information] SkyApm.Transport.Grpc.V6.SegmentReporter : Report 1 trace segment. cost: 00:00:00.0013147s
2021-10-16 14:05:52.963 +08:00 [ContentService] [Information] SkyApm.Transport.Grpc.V6.SegmentReporter : Report 1 trace segment. cost: 00:00:00.0015531s
2021-10-16 14:06:01.960 +08:00 [ContentService] [Information] SkyApm.Service.CLRStatsService : Report CLR Stats. CPU UsagePercent 0 GenCollectCount 0 0 0 10M ThreadPool 32757 32767 1000 1000
2021-10-16 14:06:01.960 +08:00 [ContentService] [Information] SkyApm.Transport.Grpc.V6.SegmentReporter : Report 1 trace segment. cost: 00:00:00.0015648s
2021-10-16 14:06:10.964 +08:00 [ContentService] [Information] SkyApm.Transport.Grpc.V6.SegmentReporter : Report 1 trace segment. cost: 00:00:00.0045748s
2021-10-16 14:06:13.985 +08:00 [ContentService] [Information] SkyApm.Transport.Grpc.V6.SegmentReporter : Report 12 trace segment. cost: 00:00:00.0266892s
2021-10-16 14:06:22.960 +08:00 [ContentService] [Information] SkyApm.Transport.Grpc.V6.SegmentReporter : Report 1 trace segment. cost: 00:00:00.0033136s
2021-10-16 14:06:31.961 +08:00 [ContentService] [Information] SkyApm.Transport.Grpc.V6.SegmentReporter : Report 1 trace segment. cost: 00:00:00.0024767s
2021-10-16 14:06:31.961 +08:00 [ContentService] [Information] SkyApm.Service.CLRStatsService : Report CLR Stats. CPU UsagePercent 0 GenCollectCount 1 1 1 5M ThreadPool 32759 32767 1000 1000
2021-10-16 14:06:31.962 +08:00 [ContentService] [Information] SkyApm.Service.PingService : Ping server @2021/10/16 6:06:31 +00:00
2021-10-16 14:06:40.960 +08:00 [ContentService] [Information] SkyApm.Transport.Grpc.V6.SegmentReporter : Report 1 trace segment. cost: 00:00:00.0027812s
2021-10-16 14:07:22.323 +08:00 [ContentService] [Information] SkyApm.InstrumentStartup : Initializing ...
2021-10-16 14:07:22.384 +08:00 [ContentService] [Information] SkyApm.Service.RegisterService : Loaded instrument service [SkyApm.Service.RegisterService].
2021-10-16 14:07:22.385 +08:00 [ContentService] [Information] SkyApm.Service.PingService : Loaded instrument service [SkyApm.Service.PingService].
2021-10-16 14:07:22.385 +08:00 [ContentService] [Information] SkyApm.Service.ServiceDiscoveryV5Service : Loaded instrument service [SkyApm.Service.ServiceDiscoveryV5Service].
2021-10-16 14:07:22.385 +08:00 [ContentService] [Information] SkyApm.Service.SegmentReportService : Loaded instrument service [SkyApm.Service.SegmentReportService].
2021-10-16 14:07:22.385 +08:00 [ContentService] [Information] SkyApm.Service.CLRStatsService : Loaded instrument service [SkyApm.Service.CLRStatsService].
2021-10-16 14:07:22.385 +08:00 [ContentService] [Information] SkyApm.Sampling.SimpleCountSamplingInterceptor : Loaded instrument service [SkyApm.Sampling.SimpleCountSamplingInterceptor].
2021-10-16 14:07:22.385 +08:00 [ContentService] [Information] SkyApm.Transport.Grpc.V6.ConnectService : Loaded instrument service [SkyApm.Transport.Grpc.V6.ConnectService].
2021-10-16 14:07:22.461 +08:00 [ContentService] [Information] SkyApm.Diagnostics.TracingDiagnosticProcessorObserver : Loaded diagnostic listener [Microsoft.AspNetCore].
2021-10-16 14:07:22.461 +08:00 [ContentService] [Information] SkyApm.InstrumentStartup : Started SkyAPM .NET Core Agent.
2021-10-16 14:07:22.679 +08:00 [ContentService] [Information] SkyApm.Transport.Grpc.ConnectionManager : Connected server[localhost:11800].
2021-10-16 14:07:22.851 +08:00 [ContentService] [Information] SkyApm.Diagnostics.TracingDiagnosticProcessorObserver : Loaded diagnostic listener [HttpHandlerDiagnosticListener].
2021-10-16 14:07:23.066 +08:00 [ContentService] [Information] SkyApm.Service.RegisterService : Registered Service[Id=2].
2021-10-16 14:07:23.636 +08:00 [ContentService] [Information] SkyApm.Service.RegisterService : Registered ServiceInstance[Id=49].
2021-10-16 14:07:25.430 +08:00 [ContentService] [Information] SkyApm.Transport.Grpc.V6.SegmentReporter : Report 1 trace segment. cost: 00:00:00.0297213s
2021-10-16 14:07:28.397 +08:00 [ContentService] [Information] SkyApm.Transport.Grpc.V6.SegmentReporter : Report 1 trace segment. cost: 00:00:00.0025883s
2021-10-16 14:07:34.400 +08:00 [ContentService] [Information] SkyApm.Transport.Grpc.V6.SegmentReporter : Report 1 trace segment. cost: 00:00:00.0053321s
2021-10-16 14:07:37.053 +08:00 [ContentService] [Information] SkyApm.Diagnostics.TracingDiagnosticProcessorObserver : Loaded diagnostic listener [Microsoft.EntityFrameworkCore].
2021-10-16 14:07:40.404 +08:00 [ContentService] [Information] SkyApm.Transport.Grpc.V6.SegmentReporter : Report 13 trace segment. cost: 00:00:00.0178963s
2021-10-16 14:07:46.395 +08:00 [ContentService] [Information] SkyApm.Transport.Grpc.V6.SegmentReporter : Report 1 trace segment. cost: 00:00:00.0019242s
2021-10-16 14:07:49.403 +08:00 [ContentService] [Information] SkyApm.Transport.Grpc.V6.SegmentReporter : Report 1 trace segment. cost: 00:00:00.0063021s
2021-10-16 14:07:52.391 +08:00 [ContentService] [Information] SkyApm.Service.PingService : Ping server @2021/10/16 6:07:52 +00:00
2021-10-16 14:07:52.407 +08:00 [ContentService] [Information] SkyApm.Service.CLRStatsService : Report CLR Stats. CPU UsagePercent 0 GenCollectCount 1 1 0 9M ThreadPool 32765 32767 1000 1000
2021-10-16 14:07:55.387 +08:00 [ContentService] [Information] SkyApm.Transport.Grpc.V6.SegmentReporter : Report 1 trace segment. cost: 00:00:00.0013926s
2021-10-16 14:07:58.395 +08:00 [ContentService] [Information] SkyApm.Transport.Grpc.V6.SegmentReporter : Report 1 trace segment. cost: 00:00:00.0013925s
2021-10-16 14:08:04.395 +08:00 [ContentService] [Information] SkyApm.Transport.Grpc.V6.SegmentReporter : Report 1 trace segment. cost: 00:00:00.0013325s
2021-10-16 14:08:10.395 +08:00 [ContentService] [Information] SkyApm.Transport.Grpc.V6.SegmentReporter : Report 1 trace segment. cost: 00:00:00.0014944s
2021-10-16 14:08:16.394 +08:00 [ContentService] [Information] SkyApm.Transport.Grpc.V6.SegmentReporter : Report 1 trace segment. cost: 00:00:00.0009648s
2021-10-16 14:08:19.396 +08:00 [ContentService] [Information] SkyApm.Transport.Grpc.V6.SegmentReporter : Report 1 trace segment. cost: 00:00:00.0014036s
2021-10-16 14:08:22.387 +08:00 [ContentService] [Information] SkyApm.Service.CLRStatsService : Report CLR Stats. CPU UsagePercent 0 GenCollectCount 0 0 0 10M ThreadPool 32758 32767 1000 1000
2021-10-16 14:08:25.394 +08:00 [ContentService] [Information] SkyApm.Transport.Grpc.V6.SegmentReporter : Report 1 trace segment. cost: 00:00:00.0011943s
2021-10-16 14:08:28.387 +08:00 [ContentService] [Information] SkyApm.Transport.Grpc.V6.SegmentReporter : Report 1 trace segment. cost: 00:00:00.0016176s
2021-10-16 14:08:34.396 +08:00 [ContentService] [Information] SkyApm.Transport.Grpc.V6.SegmentReporter : Report 1 trace segment. cost: 00:00:00.0013041s
2021-10-16 14:08:40.397 +08:00 [ContentService] [Information] SkyApm.Transport.Grpc.V6.SegmentReporter : Report 1 trace segment. cost: 00:00:00.0012738s
2021-10-16 14:08:46.387 +08:00 [ContentService] [Information] SkyApm.Transport.Grpc.V6.SegmentReporter : Report 1 trace segment. cost: 00:00:00.0012779s
2021-10-16 14:08:49.408 +08:00 [ContentService] [Information] SkyApm.Transport.Grpc.V6.SegmentReporter : Report 1 trace segment. cost: 00:00:00.0147817s
2021-10-16 14:08:52.395 +08:00 [ContentService] [Information] SkyApm.Service.CLRStatsService : Report CLR Stats. CPU UsagePercent 0 GenCollectCount 0 0 0 10M ThreadPool 32757 32767 1000 1000
2021-10-16 14:08:52.395 +08:00 [ContentService] [Information] SkyApm.Service.PingService : Ping server @2021/10/16 6:08:52 +00:00
2021-10-16 14:08:55.396 +08:00 [ContentService] [Information] SkyApm.Transport.Grpc.V6.SegmentReporter : Report 1 trace segment. cost: 00:00:00.0010508s
2021-10-16 14:08:58.396 +08:00 [ContentService] [Information] SkyApm.Transport.Grpc.V6.SegmentReporter : Report 1 trace segment. cost: 00:00:00.0009334s
2021-10-16 14:09:04.395 +08:00 [ContentService] [Information] SkyApm.Transport.Grpc.V6.SegmentReporter : Report 1 trace segment. cost: 00:00:00.0010854s
2021-10-16 14:09:10.394 +08:00 [ContentService] [Information] SkyApm.Transport.Grpc.V6.SegmentReporter : Report 1 trace segment. cost: 00:00:00.0011127s
2021-10-16 14:09:16.395 +08:00 [ContentService] [Information] SkyApm.Transport.Grpc.V6.SegmentReporter : Report 1 trace segment. cost: 00:00:00.0011700s
2021-10-16 14:09:19.395 +08:00 [ContentService] [Information] SkyApm.Transport.Grpc.V6.SegmentReporter : Report 1 trace segment. cost: 00:00:00.0012946s
2021-10-16 14:09:22.395 +08:00 [ContentService] [Information] SkyApm.Service.CLRStatsService : Report CLR Stats. CPU UsagePercent 0.015625 GenCollectCount 0 0 0 11M ThreadPool 32766 32767 1000 1000
2021-10-16 14:09:25.396 +08:00 [ContentService] [Information] SkyApm.Transport.Grpc.V6.SegmentReporter : Report 1 trace segment. cost: 00:00:00.0012753s
2021-10-16 14:09:28.400 +08:00 [ContentService] [Information] SkyApm.Transport.Grpc.V6.SegmentReporter : Report 1 trace segment. cost: 00:00:00.0009215s
2021-10-16 14:09:34.387 +08:00 [ContentService] [Information] SkyApm.Transport.Grpc.V6.SegmentReporter : Report 1 trace segment. cost: 00:00:00.0008912s
2021-10-16 14:09:40.397 +08:00 [ContentService] [Information] SkyApm.Transport.Grpc.V6.SegmentReporter : Report 1 trace segment. cost: 00:00:00.0037602s
2021-10-16 14:09:46.395 +08:00 [ContentService] [Information] SkyApm.Transport.Grpc.V6.SegmentReporter : Report 1 trace segment. cost: 00:00:00.0010395s
2021-10-16 14:09:49.397 +08:00 [ContentService] [Information] SkyApm.Transport.Grpc.V6.SegmentReporter : Report 1 trace segment. cost: 00:00:00.0009625s
2021-10-16 14:09:52.409 +08:00 [ContentService] [Information] SkyApm.Service.PingService : Ping server @2021/10/16 6:09:52 +00:00
2021-10-16 14:09:52.409 +08:00 [ContentService] [Information] SkyApm.Service.CLRStatsService : Report CLR Stats. CPU UsagePercent 0 GenCollectCount 0 0 0 12M ThreadPool 32757 32767 1000 1000
2021-10-16 14:09:55.396 +08:00 [ContentService] [Information] SkyApm.Transport.Grpc.V6.SegmentReporter : Report 1 trace segment. cost: 00:00:00.0009090s
2021-10-16 14:09:58.398 +08:00 [ContentService] [Information] SkyApm.Transport.Grpc.V6.SegmentReporter : Report 1 trace segment. cost: 00:00:00.0011737s
2021-10-16 14:10:04.400 +08:00 [ContentService] [Information] SkyApm.Transport.Grpc.V6.SegmentReporter : Report 1 trace segment. cost: 00:00:00.0011179s
2021-10-16 14:10:10.386 +08:00 [ContentService] [Information] SkyApm.Transport.Grpc.V6.SegmentReporter : Report 1 trace segment. cost: 00:00:00.0008299s
2021-10-16 14:10:16.394 +08:00 [ContentService] [Information] SkyApm.Transport.Grpc.V6.SegmentReporter : Report 1 trace segment. cost: 00:00:00.0008605s
2021-10-16 14:10:19.395 +08:00 [ContentService] [Information] SkyApm.Transport.Grpc.V6.SegmentReporter : Report 1 trace segment. cost: 00:00:00.0009666s
2021-10-16 14:10:22.399 +08:00 [ContentService] [Information] SkyApm.Service.CLRStatsService : Report CLR Stats. CPU UsagePercent 0 GenCollectCount 0 0 0 12M ThreadPool 32766 32767 1000 1000
2021-10-16 14:10:25.394 +08:00 [ContentService] [Information] SkyApm.Transport.Grpc.V6.SegmentReporter : Report 1 trace segment. cost: 00:00:00.0012458s
2021-10-16 14:10:28.394 +08:00 [ContentService] [Information] SkyApm.Transport.Grpc.V6.SegmentReporter : Report 1 trace segment. cost: 00:00:00.0013873s
2021-10-16 14:10:34.389 +08:00 [ContentService] [Information] SkyApm.Transport.Grpc.V6.SegmentReporter : Report 1 trace segment. cost: 00:00:00.0008761s
2021-10-16 14:10:40.396 +08:00 [ContentService] [Information] SkyApm.Transport.Grpc.V6.SegmentReporter : Report 1 trace segment. cost: 00:00:00.0009173s
2021-10-16 14:10:46.391 +08:00 [ContentService] [Information] SkyApm.Transport.Grpc.V6.SegmentReporter : Report 1 trace segment. cost: 00:00:00.0010437s
2021-10-16 14:10:49.386 +08:00 [ContentService] [Information] SkyApm.Transport.Grpc.V6.SegmentReporter : Report 1 trace segment. cost: 00:00:00.0009898s
2021-10-16 14:10:52.386 +08:00 [ContentService] [Information] SkyApm.Service.PingService : Ping server @2021/10/16 6:10:52 +00:00
2021-10-16 14:10:52.388 +08:00 [ContentService] [Information] SkyApm.Service.CLRStatsService : Report CLR Stats. CPU UsagePercent 0 GenCollectCount 0 0 0 13M ThreadPool 32757 32767 1000 1000
2021-10-16 14:10:55.394 +08:00 [ContentService] [Information] SkyApm.Transport.Grpc.V6.SegmentReporter : Report 1 trace segment. cost: 00:00:00.0009591s
2021-10-16 14:10:58.387 +08:00 [ContentService] [Information] SkyApm.Transport.Grpc.V6.SegmentReporter : Report 1 trace segment. cost: 00:00:00.0009573s
2021-10-16 14:11:04.397 +08:00 [ContentService] [Information] SkyApm.Transport.Grpc.V6.SegmentReporter : Report 1 trace segment. cost: 00:00:00.0011650s
2021-10-16 14:11:10.395 +08:00 [ContentService] [Information] SkyApm.Transport.Grpc.V6.SegmentReporter : Report 1 trace segment. cost: 00:00:00.0012760s
2021-10-16 14:11:16.395 +08:00 [ContentService] [Information] SkyApm.Transport.Grpc.V6.SegmentReporter : Report 1 trace segment. cost: 00:00:00.0013904s
2021-10-16 14:11:19.396 +08:00 [ContentService] [Information] SkyApm.Transport.Grpc.V6.SegmentReporter : Report 1 trace segment. cost: 00:00:00.0013184s
2021-10-16 14:11:22.395 +08:00 [ContentService] [Information] SkyApm.Service.CLRStatsService : Report CLR Stats. CPU UsagePercent 0 GenCollectCount 0 0 0 14M ThreadPool 32765 32767 1000 1000
2021-10-16 14:11:25.394 +08:00 [ContentService] [Information] SkyApm.Transport.Grpc.V6.SegmentReporter : Report 1 trace segment. cost: 00:00:00.0008966s
2021-10-16 14:11:28.386 +08:00 [ContentService] [Information] SkyApm.Transport.Grpc.V6.SegmentReporter : Report 1 trace segment. cost: 00:00:00.0009037s
2021-10-16 14:11:37.394 +08:00 [ContentService] [Information] SkyApm.Transport.Grpc.V6.SegmentReporter : Report 1 trace segment. cost: 00:00:00.0009358s
2021-10-16 14:11:40.395 +08:00 [ContentService] [Information] SkyApm.Transport.Grpc.V6.SegmentReporter : Report 1 trace segment. cost: 00:00:00.0008479s
2021-10-16 14:11:46.398 +08:00 [ContentService] [Information] SkyApm.Transport.Grpc.V6.SegmentReporter : Report 1 trace segment. cost: 00:00:00.0011355s
2021-10-16 14:11:49.387 +08:00 [ContentService] [Information] SkyApm.Transport.Grpc.V6.SegmentReporter : Report 1 trace segment. cost: 00:00:00.0012820s
2021-10-16 14:11:52.387 +08:00 [ContentService] [Information] SkyApm.Service.PingService : Ping server @2021/10/16 6:11:52 +00:00
2021-10-16 14:11:52.387 +08:00 [ContentService] [Information] SkyApm.Service.CLRStatsService : Report CLR Stats. CPU UsagePercent 0.015625 GenCollectCount 1 1 0 6M ThreadPool 32758 32767 1000 1000
2021-10-16 14:11:55.397 +08:00 [ContentService] [Information] SkyApm.Transport.Grpc.V6.SegmentReporter : Report 1 trace segment. cost: 00:00:00.0022346s
2021-10-16 14:11:58.386 +08:00 [ContentService] [Information] SkyApm.Transport.Grpc.V6.SegmentReporter : Report 1 trace segment. cost: 00:00:00.0009218s
2021-10-16 14:12:07.398 +08:00 [ContentService] [Information] SkyApm.Transport.Grpc.V6.SegmentReporter : Report 1 trace segment. cost: 00:00:00.0016501s
2021-10-16 14:12:10.394 +08:00 [ContentService] [Information] SkyApm.Transport.Grpc.V6.SegmentReporter : Report 1 trace segment. cost: 00:00:00.0008614s
2021-10-16 14:12:16.386 +08:00 [ContentService] [Information] SkyApm.Transport.Grpc.V6.SegmentReporter : Report 1 trace segment. cost: 00:00:00.0008545s
2021-10-16 14:12:19.395 +08:00 [ContentService] [Information] SkyApm.Transport.Grpc.V6.SegmentReporter : Report 1 trace segment. cost: 00:00:00.0014172s
2021-10-16 14:12:22.395 +08:00 [ContentService] [Information] SkyApm.Service.CLRStatsService : Report CLR Stats. CPU UsagePercent 0 GenCollectCount 0 0 0 7M ThreadPool 32762 32767 1000 1000
2021-10-16 14:12:25.401 +08:00 [ContentService] [Information] SkyApm.Transport.Grpc.V6.SegmentReporter : Report 1 trace segment. cost: 00:00:00.0011543s
2021-10-16 14:12:28.397 +08:00 [ContentService] [Information] SkyApm.Transport.Grpc.V6.SegmentReporter : Report 1 trace segment. cost: 00:00:00.0009627s
2021-10-16 14:12:37.397 +08:00 [ContentService] [Information] SkyApm.Transport.Grpc.V6.SegmentReporter : Report 1 trace segment. cost: 00:00:00.0009632s
2021-10-16 14:12:40.397 +08:00 [ContentService] [Information] SkyApm.Transport.Grpc.V6.SegmentReporter : Report 1 trace segment. cost: 00:00:00.0010517s
2021-10-16 14:12:46.387 +08:00 [ContentService] [Information] SkyApm.Transport.Grpc.V6.SegmentReporter : Report 1 trace segment. cost: 00:00:00.0008916s
2021-10-16 14:12:49.396 +08:00 [ContentService] [Information] SkyApm.Transport.Grpc.V6.SegmentReporter : Report 1 trace segment. cost: 00:00:00.0014986s
2021-10-16 14:12:52.397 +08:00 [ContentService] [Information] SkyApm.Service.PingService : Ping server @2021/10/16 6:12:52 +00:00
2021-10-16 14:12:52.397 +08:00 [ContentService] [Information] SkyApm.Service.CLRStatsService : Report CLR Stats. CPU UsagePercent 0 GenCollectCount 0 0 0 7M ThreadPool 32759 32767 1000 1000
2021-10-16 14:12:55.386 +08:00 [ContentService] [Information] SkyApm.Transport.Grpc.V6.SegmentReporter : Report 1 trace segment. cost: 00:00:00.0008328s
2021-10-16 14:12:58.396 +08:00 [ContentService] [Information] SkyApm.Transport.Grpc.V6.SegmentReporter : Report 1 trace segment. cost: 00:00:00.0010249s
2021-10-16 14:13:07.400 +08:00 [ContentService] [Information] SkyApm.Transport.Grpc.V6.SegmentReporter : Report 1 trace segment. cost: 00:00:00.0012120s
2021-10-16 14:13:10.397 +08:00 [ContentService] [Information] SkyApm.Transport.Grpc.V6.SegmentReporter : Report 1 trace segment. cost: 00:00:00.0012553s
2021-10-16 14:13:16.401 +08:00 [ContentService] [Information] SkyApm.Transport.Grpc.V6.SegmentReporter : Report 1 trace segment. cost: 00:00:00.0012931s
2021-10-16 14:13:19.386 +08:00 [ContentService] [Information] SkyApm.Transport.Grpc.V6.SegmentReporter : Report 1 trace segment. cost: 00:00:00.0008926s
2021-10-16 14:13:22.395 +08:00 [ContentService] [Information] SkyApm.Service.CLRStatsService : Report CLR Stats. CPU UsagePercent 0 GenCollectCount 0 0 0 8M ThreadPool 32766 32767 1000 1000
2021-10-16 14:13:25.401 +08:00 [ContentService] [Information] SkyApm.Transport.Grpc.V6.SegmentReporter : Report 1 trace segment. cost: 00:00:00.0010192s
2021-10-16 14:13:28.394 +08:00 [ContentService] [Information] SkyApm.Transport.Grpc.V6.SegmentReporter : Report 1 trace segment. cost: 00:00:00.0010432s
2021-10-16 14:13:37.395 +08:00 [ContentService] [Information] SkyApm.Transport.Grpc.V6.SegmentReporter : Report 1 trace segment. cost: 00:00:00.0011764s
2021-10-16 14:13:40.395 +08:00 [ContentService] [Information] SkyApm.Transport.Grpc.V6.SegmentReporter : Report 1 trace segment. cost: 00:00:00.0012108s
2021-10-16 14:13:46.397 +08:00 [ContentService] [Information] SkyApm.Transport.Grpc.V6.SegmentReporter : Report 1 trace segment. cost: 00:00:00.0014005s
2021-10-16 14:13:49.397 +08:00 [ContentService] [Information] SkyApm.Transport.Grpc.V6.SegmentReporter : Report 1 trace segment. cost: 00:00:00.0010461s
2021-10-16 14:13:52.385 +08:00 [ContentService] [Information] SkyApm.Service.PingService : Ping server @2021/10/16 6:13:52 +00:00
2021-10-16 14:13:52.395 +08:00 [ContentService] [Information] SkyApm.Service.CLRStatsService : Report CLR Stats. CPU UsagePercent 0 GenCollectCount 0 0 0 8M ThreadPool 32766 32767 1000 1000
2021-10-16 14:13:55.400 +08:00 [ContentService] [Information] SkyApm.Transport.Grpc.V6.SegmentReporter : Report 1 trace segment. cost: 00:00:00.0011048s
2021-10-16 14:13:58.392 +08:00 [ContentService] [Information] SkyApm.Transport.Grpc.V6.SegmentReporter : Report 1 trace segment. cost: 00:00:00.0008092s
2021-10-16 14:14:07.398 +08:00 [ContentService] [Information] SkyApm.Transport.Grpc.V6.SegmentReporter : Report 1 trace segment. cost: 00:00:00.0015248s
2021-10-16 14:14:10.386 +08:00 [ContentService] [Information] SkyApm.Transport.Grpc.V6.SegmentReporter : Report 1 trace segment. cost: 00:00:00.0007572s
2021-10-16 14:14:16.397 +08:00 [ContentService] [Information] SkyApm.Transport.Grpc.V6.SegmentReporter : Report 1 trace segment. cost: 00:00:00.0009683s
2021-10-16 14:14:19.395 +08:00 [ContentService] [Information] SkyApm.Transport.Grpc.V6.SegmentReporter : Report 1 trace segment. cost: 00:00:00.0012077s
2021-10-16 14:14:22.394 +08:00 [ContentService] [Information] SkyApm.Service.CLRStatsService : Report CLR Stats. CPU UsagePercent 0 GenCollectCount 0 0 0 9M ThreadPool 32763 32767 1000 1000
2021-10-16 14:14:25.394 +08:00 [ContentService] [Information] SkyApm.Transport.Grpc.V6.SegmentReporter : Report 1 trace segment. cost: 00:00:00.0008280s
2021-10-16 14:14:28.388 +08:00 [ContentService] [Information] SkyApm.Transport.Grpc.V6.SegmentReporter : Report 1 trace segment. cost: 00:00:00.0010811s
2021-10-16 14:14:37.387 +08:00 [ContentService] [Information] SkyApm.Transport.Grpc.V6.SegmentReporter : Report 1 trace segment. cost: 00:00:00.0009787s
2021-10-16 14:14:40.394 +08:00 [ContentService] [Information] SkyApm.Transport.Grpc.V6.SegmentReporter : Report 1 trace segment. cost: 00:00:00.0008753s
2021-10-16 14:14:46.394 +08:00 [ContentService] [Information] SkyApm.Transport.Grpc.V6.SegmentReporter : Report 1 trace segment. cost: 00:00:00.0008291s
2021-10-16 14:14:49.387 +08:00 [ContentService] [Information] SkyApm.Transport.Grpc.V6.SegmentReporter : Report 1 trace segment. cost: 00:00:00.0009228s
2021-10-16 14:14:52.400 +08:00 [ContentService] [Information] SkyApm.Service.PingService : Ping server @2021/10/16 6:14:52 +00:00
2021-10-16 14:14:52.400 +08:00 [ContentService] [Information] SkyApm.Service.CLRStatsService : Report CLR Stats. CPU UsagePercent 0.015625 GenCollectCount 0 0 0 10M ThreadPool 32758 32767 1000 1000
2021-10-16 14:14:55.397 +08:00 [ContentService] [Information] SkyApm.Transport.Grpc.V6.SegmentReporter : Report 1 trace segment. cost: 00:00:00.0009886s
2021-10-16 14:14:58.397 +08:00 [ContentService] [Information] SkyApm.Transport.Grpc.V6.SegmentReporter : Report 1 trace segment. cost: 00:00:00.0011851s
2021-10-16 14:15:07.399 +08:00 [ContentService] [Information] SkyApm.Transport.Grpc.V6.SegmentReporter : Report 1 trace segment. cost: 00:00:00.0009134s
2021-10-16 14:15:10.394 +08:00 [ContentService] [Information] SkyApm.Transport.Grpc.V6.SegmentReporter : Report 1 trace segment. cost: 00:00:00.0009773s
2021-10-16 14:15:16.394 +08:00 [ContentService] [Information] SkyApm.Transport.Grpc.V6.SegmentReporter : Report 1 trace segment. cost: 00:00:00.0008519s
2021-10-16 14:15:19.398 +08:00 [ContentService] [Information] SkyApm.Transport.Grpc.V6.SegmentReporter : Report 1 trace segment. cost: 00:00:00.0009525s
2021-10-16 14:15:22.398 +08:00 [ContentService] [Information] SkyApm.Service.CLRStatsService : Report CLR Stats. CPU UsagePercent 0 GenCollectCount 0 0 0 10M ThreadPool 32761 32767 1000 1000
2021-10-16 14:15:25.395 +08:00 [ContentService] [Information] SkyApm.Transport.Grpc.V6.SegmentReporter : Report 1 trace segment. cost: 00:00:00.0012983s
2021-10-16 14:15:31.395 +08:00 [ContentService] [Information] SkyApm.Transport.Grpc.V6.SegmentReporter : Report 1 trace segment. cost: 00:00:00.0008523s
2021-10-16 14:15:37.394 +08:00 [ContentService] [Information] SkyApm.Transport.Grpc.V6.SegmentReporter : Report 1 trace segment. cost: 00:00:00.0009756s
2021-10-16 14:15:40.398 +08:00 [ContentService] [Information] SkyApm.Transport.Grpc.V6.SegmentReporter : Report 1 trace segment. cost: 00:00:00.0009785s
2021-10-16 14:15:46.386 +08:00 [ContentService] [Information] SkyApm.Transport.Grpc.V6.SegmentReporter : Report 1 trace segment. cost: 00:00:00.0009439s
2021-10-16 14:15:49.394 +08:00 [ContentService] [Information] SkyApm.Transport.Grpc.V6.SegmentReporter : Report 1 trace segment. cost: 00:00:00.0009411s
2021-10-16 14:15:52.397 +08:00 [ContentService] [Information] SkyApm.Service.PingService : Ping server @2021/10/16 6:15:52 +00:00
2021-10-16 14:15:52.397 +08:00 [ContentService] [Information] SkyApm.Service.CLRStatsService : Report CLR Stats. CPU UsagePercent 0 GenCollectCount 0 0 0 11M ThreadPool 32759 32767 1000 1000
2021-10-16 14:15:55.394 +08:00 [ContentService] [Information] SkyApm.Transport.Grpc.V6.SegmentReporter : Report 1 trace segment. cost: 00:00:00.0007906s
2021-10-16 14:16:01.386 +08:00 [ContentService] [Information] SkyApm.Transport.Grpc.V6.SegmentReporter : Report 1 trace segment. cost: 00:00:00.0008799s
2021-10-16 14:16:07.398 +08:00 [ContentService] [Information] SkyApm.Transport.Grpc.V6.SegmentReporter : Report 1 trace segment. cost: 00:00:00.0007863s
2021-10-16 14:16:10.394 +08:00 [ContentService] [Information] SkyApm.Transport.Grpc.V6.SegmentReporter : Report 1 trace segment. cost: 00:00:00.0007416s
2021-10-16 14:16:16.394 +08:00 [ContentService] [Information] SkyApm.Transport.Grpc.V6.SegmentReporter : Report 1 trace segment. cost: 00:00:00.0009687s
2021-10-16 14:16:19.394 +08:00 [ContentService] [Information] SkyApm.Transport.Grpc.V6.SegmentReporter : Report 1 trace segment. cost: 00:00:00.0007839s
2021-10-16 14:16:22.394 +08:00 [ContentService] [Information] SkyApm.Service.CLRStatsService : Report CLR Stats. CPU UsagePercent 0 GenCollectCount 0 0 0 11M ThreadPool 32764 32767 1000 1000
2021-10-16 14:16:25.398 +08:00 [ContentService] [Information] SkyApm.Transport.Grpc.V6.SegmentReporter : Report 1 trace segment. cost: 00:00:00.0010089s
2021-10-16 14:16:31.396 +08:00 [ContentService] [Information] SkyApm.Transport.Grpc.V6.SegmentReporter : Report 1 trace segment. cost: 00:00:00.0009095s
2021-10-16 14:16:37.387 +08:00 [ContentService] [Information] SkyApm.Transport.Grpc.V6.SegmentReporter : Report 1 trace segment. cost: 00:00:00.0008037s
2021-10-16 14:16:40.395 +08:00 [ContentService] [Information] SkyApm.Transport.Grpc.V6.SegmentReporter : Report 1 trace segment. cost: 00:00:00.0009261s
2021-10-16 14:16:46.399 +08:00 [ContentService] [Information] SkyApm.Transport.Grpc.V6.SegmentReporter : Report 1 trace segment. cost: 00:00:00.0007754s
2021-10-16 14:16:49.399 +08:00 [ContentService] [Information] SkyApm.Transport.Grpc.V6.SegmentReporter : Report 1 trace segment. cost: 00:00:00.0008788s
2021-10-16 14:16:52.386 +08:00 [ContentService] [Information] SkyApm.Service.PingService : Ping server @2021/10/16 6:16:52 +00:00
2021-10-16 14:16:52.394 +08:00 [ContentService] [Information] SkyApm.Service.CLRStatsService : Report CLR Stats. CPU UsagePercent 0 GenCollectCount 0 0 0 12M ThreadPool 32763 32767 1000 1000
2021-10-16 14:16:55.395 +08:00 [ContentService] [Information] SkyApm.Transport.Grpc.V6.SegmentReporter : Report 1 trace segment. cost: 00:00:00.0010702s
2021-10-16 14:17:01.398 +08:00 [ContentService] [Information] SkyApm.Transport.Grpc.V6.SegmentReporter : Report 1 trace segment. cost: 00:00:00.0010569s
2021-10-16 14:17:07.394 +08:00 [ContentService] [Information] SkyApm.Transport.Grpc.V6.SegmentReporter : Report 1 trace segment. cost: 00:00:00.0008373s
2021-10-16 14:17:10.395 +08:00 [ContentService] [Information] SkyApm.Transport.Grpc.V6.SegmentReporter : Report 1 trace segment. cost: 00:00:00.0015647s
2021-10-16 14:17:16.399 +08:00 [ContentService] [Information] SkyApm.Transport.Grpc.V6.SegmentReporter : Report 1 trace segment. cost: 00:00:00.0008951s
2021-10-16 14:17:19.398 +08:00 [ContentService] [Information] SkyApm.Transport.Grpc.V6.SegmentReporter : Report 1 trace segment. cost: 00:00:00.0015044s
2021-10-16 14:17:22.398 +08:00 [ContentService] [Information] SkyApm.Service.CLRStatsService : Report CLR Stats. CPU UsagePercent 0 GenCollectCount 0 0 0 13M ThreadPool 32760 32767 1000 1000
2021-10-16 14:17:25.396 +08:00 [ContentService] [Information] SkyApm.Transport.Grpc.V6.SegmentReporter : Report 1 trace segment. cost: 00:00:00.0008987s
2021-10-16 14:17:31.387 +08:00 [ContentService] [Information] SkyApm.Transport.Grpc.V6.SegmentReporter : Report 1 trace segment. cost: 00:00:00.0010123s
2021-10-16 14:17:37.394 +08:00 [ContentService] [Information] SkyApm.Transport.Grpc.V6.SegmentReporter : Report 1 trace segment. cost: 00:00:00.0008608s
2021-10-16 14:17:40.395 +08:00 [ContentService] [Information] SkyApm.Transport.Grpc.V6.SegmentReporter : Report 1 trace segment. cost: 00:00:00.0010698s
2021-10-16 14:26:07.871 +08:00 [ContentService] [Information] SkyApm.InstrumentStartup : Initializing ...
2021-10-16 14:26:07.996 +08:00 [ContentService] [Information] SkyApm.Service.RegisterService : Loaded instrument service [SkyApm.Service.RegisterService].
2021-10-16 14:26:07.996 +08:00 [ContentService] [Information] SkyApm.Service.PingService : Loaded instrument service [SkyApm.Service.PingService].
2021-10-16 14:26:07.996 +08:00 [ContentService] [Information] SkyApm.Service.ServiceDiscoveryV5Service : Loaded instrument service [SkyApm.Service.ServiceDiscoveryV5Service].
2021-10-16 14:26:07.996 +08:00 [ContentService] [Information] SkyApm.Service.SegmentReportService : Loaded instrument service [SkyApm.Service.SegmentReportService].
2021-10-16 14:26:07.996 +08:00 [ContentService] [Information] SkyApm.Service.CLRStatsService : Loaded instrument service [SkyApm.Service.CLRStatsService].
2021-10-16 14:26:07.996 +08:00 [ContentService] [Information] SkyApm.Sampling.SimpleCountSamplingInterceptor : Loaded instrument service [SkyApm.Sampling.SimpleCountSamplingInterceptor].
2021-10-16 14:26:07.997 +08:00 [ContentService] [Information] SkyApm.Transport.Grpc.V6.ConnectService : Loaded instrument service [SkyApm.Transport.Grpc.V6.ConnectService].
2021-10-16 14:26:08.113 +08:00 [ContentService] [Information] SkyApm.Diagnostics.TracingDiagnosticProcessorObserver : Loaded diagnostic listener [Microsoft.AspNetCore].
2021-10-16 14:26:08.113 +08:00 [ContentService] [Information] SkyApm.InstrumentStartup : Started SkyAPM .NET Core Agent.
2021-10-16 14:26:08.389 +08:00 [ContentService] [Information] SkyApm.Transport.Grpc.ConnectionManager : Connected server[localhost:11800].
2021-10-16 14:26:08.544 +08:00 [ContentService] [Information] SkyApm.Diagnostics.TracingDiagnosticProcessorObserver : Loaded diagnostic listener [HttpHandlerDiagnosticListener].
2021-10-16 14:26:08.800 +08:00 [ContentService] [Information] SkyApm.Service.RegisterService : Registered Service[Id=2].
2021-10-16 14:26:09.394 +08:00 [ContentService] [Information] SkyApm.Service.RegisterService : Registered ServiceInstance[Id=54].
2021-10-16 14:26:14.038 +08:00 [ContentService] [Information] SkyApm.Transport.Grpc.V6.SegmentReporter : Report 1 trace segment. cost: 00:00:00.0228081s
2021-10-16 14:26:23.000 +08:00 [ContentService] [Information] SkyApm.Transport.Grpc.V6.SegmentReporter : Report 1 trace segment. cost: 00:00:00.0024063s
2021-10-16 14:26:32.663 +08:00 [ContentService] [Information] SkyApm.Diagnostics.TracingDiagnosticProcessorObserver : Loaded diagnostic listener [Microsoft.EntityFrameworkCore].
2021-10-16 14:26:35.064 +08:00 [ContentService] [Information] SkyApm.Transport.Grpc.V6.SegmentReporter : Report 13 trace segment. cost: 00:00:00.0645494s
2021-10-16 14:26:38.007 +08:00 [ContentService] [Information] SkyApm.Service.PingService : Ping server @2021/10/16 6:26:38 +00:00
2021-10-16 14:26:38.009 +08:00 [ContentService] [Information] SkyApm.Service.CLRStatsService : Report CLR Stats. CPU UsagePercent 0 GenCollectCount 0 0 0 13M ThreadPool 32764 32767 1000 1000
2021-10-16 14:26:44.000 +08:00 [ContentService] [Information] SkyApm.Transport.Grpc.V6.SegmentReporter : Report 1 trace segment. cost: 00:00:00.0015244s
2021-10-16 14:26:53.005 +08:00 [ContentService] [Information] SkyApm.Transport.Grpc.V6.SegmentReporter : Report 1 trace segment. cost: 00:00:00.0014163s
2021-10-16 14:27:05.013 +08:00 [ContentService] [Information] SkyApm.Transport.Grpc.V6.SegmentReporter : Report 1 trace segment. cost: 00:00:00.0019671s
2021-10-16 14:27:08.007 +08:00 [ContentService] [Information] SkyApm.Service.CLRStatsService : Report CLR Stats. CPU UsagePercent 0 GenCollectCount 0 0 0 14M ThreadPool 32761 32767 1000 1000
2021-10-16 14:27:14.006 +08:00 [ContentService] [Information] SkyApm.Transport.Grpc.V6.SegmentReporter : Report 1 trace segment. cost: 00:00:00.0015042s
2021-10-16 14:27:23.006 +08:00 [ContentService] [Information] SkyApm.Transport.Grpc.V6.SegmentReporter : Report 1 trace segment. cost: 00:00:00.0011081s
2021-10-16 14:27:35.006 +08:00 [ContentService] [Information] SkyApm.Transport.Grpc.V6.SegmentReporter : Report 1 trace segment. cost: 00:00:00.0013561s
2021-10-16 14:27:38.017 +08:00 [ContentService] [Information] SkyApm.Service.PingService : Ping server @2021/10/16 6:27:38 +00:00
2021-10-16 14:27:38.024 +08:00 [ContentService] [Information] SkyApm.Service.CLRStatsService : Report CLR Stats. CPU UsagePercent 0 GenCollectCount 0 0 0 14M ThreadPool 32759 32767 1000 1000
2021-10-16 14:27:44.005 +08:00 [ContentService] [Information] SkyApm.Transport.Grpc.V6.SegmentReporter : Report 1 trace segment. cost: 00:00:00.0019454s
2021-10-16 14:27:53.012 +08:00 [ContentService] [Information] SkyApm.Transport.Grpc.V6.SegmentReporter : Report 1 trace segment. cost: 00:00:00.0014550s
2021-10-16 14:28:05.004 +08:00 [ContentService] [Information] SkyApm.Transport.Grpc.V6.SegmentReporter : Report 1 trace segment. cost: 00:00:00.0014366s
2021-10-16 14:28:08.012 +08:00 [ContentService] [Information] SkyApm.Service.CLRStatsService : Report CLR Stats. CPU UsagePercent 0 GenCollectCount 0 0 0 15M ThreadPool 32764 32767 1000 1000
2021-10-16 14:28:13.998 +08:00 [ContentService] [Information] SkyApm.Transport.Grpc.V6.SegmentReporter : Report 1 trace segment. cost: 00:00:00.0010617s
2021-10-16 14:28:22.998 +08:00 [ContentService] [Information] SkyApm.Transport.Grpc.V6.SegmentReporter : Report 1 trace segment. cost: 00:00:00.0010960s
2021-10-16 14:28:35.010 +08:00 [ContentService] [Information] SkyApm.Transport.Grpc.V6.SegmentReporter : Report 1 trace segment. cost: 00:00:00.0013908s
2021-10-16 14:28:38.011 +08:00 [ContentService] [Information] SkyApm.Service.PingService : Ping server @2021/10/16 6:28:38 +00:00
2021-10-16 14:28:38.011 +08:00 [ContentService] [Information] SkyApm.Service.CLRStatsService : Report CLR Stats. CPU UsagePercent 0 GenCollectCount 0 0 0 15M ThreadPool 32759 32767 1000 1000
2021-10-16 14:28:44.001 +08:00 [ContentService] [Information] SkyApm.Transport.Grpc.V6.SegmentReporter : Report 1 trace segment. cost: 00:00:00.0011674s
2021-10-16 14:28:53.005 +08:00 [ContentService] [Information] SkyApm.Transport.Grpc.V6.SegmentReporter : Report 1 trace segment. cost: 00:00:00.0014233s
2021-10-16 14:29:05.008 +08:00 [ContentService] [Information] SkyApm.Transport.Grpc.V6.SegmentReporter : Report 1 trace segment. cost: 00:00:00.0010479s
2021-10-16 14:29:08.001 +08:00 [ContentService] [Information] SkyApm.Service.CLRStatsService : Report CLR Stats. CPU UsagePercent 0 GenCollectCount 0 0 0 16M ThreadPool 32759 32767 1000 1000
2021-10-16 14:29:14.011 +08:00 [ContentService] [Information] SkyApm.Transport.Grpc.V6.SegmentReporter : Report 1 trace segment. cost: 00:00:00.0014367s
2021-10-16 14:29:23.002 +08:00 [ContentService] [Information] SkyApm.Transport.Grpc.V6.SegmentReporter : Report 1 trace segment. cost: 00:00:00.0008954s
2021-10-16 14:29:34.999 +08:00 [ContentService] [Information] SkyApm.Transport.Grpc.V6.SegmentReporter : Report 1 trace segment. cost: 00:00:00.0014654s
2021-10-16 14:29:38.000 +08:00 [ContentService] [Information] SkyApm.Service.PingService : Ping server @2021/10/16 6:29:37 +00:00
2021-10-16 14:29:38.000 +08:00 [ContentService] [Information] SkyApm.Service.CLRStatsService : Report CLR Stats. CPU UsagePercent 0 GenCollectCount 0 0 0 16M ThreadPool 32755 32767 1000 1000
2021-10-16 14:29:44.009 +08:00 [ContentService] [Information] SkyApm.Transport.Grpc.V6.SegmentReporter : Report 1 trace segment. cost: 00:00:00.0011449s
2021-10-16 14:29:53.011 +08:00 [ContentService] [Information] SkyApm.Transport.Grpc.V6.SegmentReporter : Report 1 trace segment. cost: 00:00:00.0014687s
2021-10-16 14:30:05.002 +08:00 [ContentService] [Information] SkyApm.Transport.Grpc.V6.SegmentReporter : Report 1 trace segment. cost: 00:00:00.0036796s
2021-10-16 14:30:08.001 +08:00 [ContentService] [Information] SkyApm.Service.CLRStatsService : Report CLR Stats. CPU UsagePercent 0.015625 GenCollectCount 0 0 0 17M ThreadPool 32766 32767 1000 1000
2021-10-16 14:30:14.012 +08:00 [ContentService] [Information] SkyApm.Transport.Grpc.V6.SegmentReporter : Report 1 trace segment. cost: 00:00:00.0011904s
2021-10-16 14:30:26.005 +08:00 [ContentService] [Information] SkyApm.Transport.Grpc.V6.SegmentReporter : Report 1 trace segment. cost: 00:00:00.0014481s
2021-10-16 14:30:35.010 +08:00 [ContentService] [Information] SkyApm.Transport.Grpc.V6.SegmentReporter : Report 1 trace segment. cost: 00:00:00.0013866s
2021-10-16 14:30:38.009 +08:00 [ContentService] [Information] SkyApm.Service.PingService : Ping server @2021/10/16 6:30:38 +00:00
2021-10-16 14:30:38.009 +08:00 [ContentService] [Information] SkyApm.Service.CLRStatsService : Report CLR Stats. CPU UsagePercent 0 GenCollectCount 0 0 0 17M ThreadPool 32759 32767 1000 1000
2021-10-16 14:30:44.011 +08:00 [ContentService] [Information] SkyApm.Transport.Grpc.V6.SegmentReporter : Report 1 trace segment. cost: 00:00:00.0010549s
2021-10-16 14:30:56.012 +08:00 [ContentService] [Information] SkyApm.Transport.Grpc.V6.SegmentReporter : Report 1 trace segment. cost: 00:00:00.0009206s
2021-10-16 14:31:05.010 +08:00 [ContentService] [Information] SkyApm.Transport.Grpc.V6.SegmentReporter : Report 1 trace segment. cost: 00:00:00.0009950s
2021-10-16 14:31:08.006 +08:00 [ContentService] [Information] SkyApm.Service.CLRStatsService : Report CLR Stats. CPU UsagePercent 0 GenCollectCount 0 0 0 18M ThreadPool 32760 32767 1000 1000
2021-10-16 14:31:14.005 +08:00 [ContentService] [Information] SkyApm.Transport.Grpc.V6.SegmentReporter : Report 1 trace segment. cost: 00:00:00.0010870s
2021-10-16 14:31:25.999 +08:00 [ContentService] [Information] SkyApm.Transport.Grpc.V6.SegmentReporter : Report 1 trace segment. cost: 00:00:00.0010035s
2021-10-16 14:31:35.001 +08:00 [ContentService] [Information] SkyApm.Transport.Grpc.V6.SegmentReporter : Report 1 trace segment. cost: 00:00:00.0010050s
2021-10-16 14:31:37.996 +08:00 [ContentService] [Information] SkyApm.Service.PingService : Ping server @2021/10/16 6:31:37 +00:00
2021-10-16 14:31:38.012 +08:00 [ContentService] [Information] SkyApm.Service.CLRStatsService : Report CLR Stats. CPU UsagePercent 0 GenCollectCount 0 0 0 18M ThreadPool 32760 32767 1000 1000
2021-10-16 14:31:44.009 +08:00 [ContentService] [Information] SkyApm.Transport.Grpc.V6.SegmentReporter : Report 1 trace segment. cost: 00:00:00.0009397s
2021-10-16 14:31:55.998 +08:00 [ContentService] [Information] SkyApm.Transport.Grpc.V6.SegmentReporter : Report 1 trace segment. cost: 00:00:00.0009970s
2021-10-16 14:32:05.007 +08:00 [ContentService] [Information] SkyApm.Transport.Grpc.V6.SegmentReporter : Report 1 trace segment. cost: 00:00:00.0010630s
2021-10-16 14:32:08.011 +08:00 [ContentService] [Information] SkyApm.Service.CLRStatsService : Report CLR Stats. CPU UsagePercent 0 GenCollectCount 0 0 0 18M ThreadPool 32757 32767 1000 1000
2021-10-16 14:32:13.998 +08:00 [ContentService] [Information] SkyApm.Transport.Grpc.V6.SegmentReporter : Report 1 trace segment. cost: 00:00:00.0013267s
2021-10-16 14:32:26.003 +08:00 [ContentService] [Information] SkyApm.Transport.Grpc.V6.SegmentReporter : Report 1 trace segment. cost: 00:00:00.0014036s
2021-10-16 14:32:35.002 +08:00 [ContentService] [Information] SkyApm.Transport.Grpc.V6.SegmentReporter : Report 1 trace segment. cost: 00:00:00.0010383s
2021-10-16 14:32:37.999 +08:00 [ContentService] [Information] SkyApm.Service.PingService : Ping server @2021/10/16 6:32:37 +00:00
2021-10-16 14:32:38.001 +08:00 [ContentService] [Information] SkyApm.Service.CLRStatsService : Report CLR Stats. CPU UsagePercent 0 GenCollectCount 0 0 0 19M ThreadPool 32756 32767 1000 1000
2021-10-16 14:32:44.010 +08:00 [ContentService] [Information] SkyApm.Transport.Grpc.V6.SegmentReporter : Report 1 trace segment. cost: 00:00:00.0007957s
2021-10-16 14:32:56.000 +08:00 [ContentService] [Information] SkyApm.Transport.Grpc.V6.SegmentReporter : Report 1 trace segment. cost: 00:00:00.0012203s
2021-10-16 14:33:05.011 +08:00 [ContentService] [Information] SkyApm.Transport.Grpc.V6.SegmentReporter : Report 1 trace segment. cost: 00:00:00.0009678s
2021-10-16 14:33:08.006 +08:00 [ContentService] [Information] SkyApm.Service.CLRStatsService : Report CLR Stats. CPU UsagePercent 0 GenCollectCount 0 0 0 19M ThreadPool 32757 32767 1000 1000
2021-10-16 14:33:14.003 +08:00 [ContentService] [Information] SkyApm.Transport.Grpc.V6.SegmentReporter : Report 1 trace segment. cost: 00:00:00.0008021s
2021-10-16 14:33:26.007 +08:00 [ContentService] [Information] SkyApm.Transport.Grpc.V6.SegmentReporter : Report 1 trace segment. cost: 00:00:00.0013620s
2021-10-16 14:33:35.011 +08:00 [ContentService] [Information] SkyApm.Transport.Grpc.V6.SegmentReporter : Report 1 trace segment. cost: 00:00:00.0009804s
2021-10-16 14:33:38.009 +08:00 [ContentService] [Information] SkyApm.Service.CLRStatsService : Report CLR Stats. CPU UsagePercent 0 GenCollectCount 0 0 0 20M ThreadPool 32755 32767 1000 1000
2021-10-16 14:33:38.009 +08:00 [ContentService] [Information] SkyApm.Service.PingService : Ping server @2021/10/16 6:33:38 +00:00
2021-10-16 14:33:44.004 +08:00 [ContentService] [Information] SkyApm.Transport.Grpc.V6.SegmentReporter : Report 1 trace segment. cost: 00:00:00.0010998s
2021-10-16 14:33:56.003 +08:00 [ContentService] [Information] SkyApm.Transport.Grpc.V6.SegmentReporter : Report 1 trace segment. cost: 00:00:00.0008614s
2021-10-16 14:34:05.003 +08:00 [ContentService] [Information] SkyApm.Transport.Grpc.V6.SegmentReporter : Report 1 trace segment. cost: 00:00:00.0012332s
2021-10-16 14:34:08.005 +08:00 [ContentService] [Information] SkyApm.Service.CLRStatsService : Report CLR Stats. CPU UsagePercent 0 GenCollectCount 0 0 0 20M ThreadPool 32759 32767 1000 1000
2021-10-16 14:34:14.007 +08:00 [ContentService] [Information] SkyApm.Transport.Grpc.V6.SegmentReporter : Report 1 trace segment. cost: 00:00:00.0009319s
2021-10-16 14:34:26.008 +08:00 [ContentService] [Information] SkyApm.Transport.Grpc.V6.SegmentReporter : Report 1 trace segment. cost: 00:00:00.0008326s
2021-10-16 14:34:35.003 +08:00 [ContentService] [Information] SkyApm.Transport.Grpc.V6.SegmentReporter : Report 1 trace segment. cost: 00:00:00.0010958s
2021-10-16 14:34:37.997 +08:00 [ContentService] [Information] SkyApm.Service.PingService : Ping server @2021/10/16 6:34:37 +00:00
2021-10-16 14:34:37.997 +08:00 [ContentService] [Information] SkyApm.Service.CLRStatsService : Report CLR Stats. CPU UsagePercent 0 GenCollectCount 0 0 0 21M ThreadPool 32759 32767 1000 1000
2021-10-16 14:34:44.001 +08:00 [ContentService] [Information] SkyApm.Transport.Grpc.V6.SegmentReporter : Report 1 trace segment. cost: 00:00:00.0008437s
2021-10-16 14:34:56.010 +08:00 [ContentService] [Information] SkyApm.Transport.Grpc.V6.SegmentReporter : Report 1 trace segment. cost: 00:00:00.0009432s
2021-10-16 14:35:05.004 +08:00 [ContentService] [Information] SkyApm.Transport.Grpc.V6.SegmentReporter : Report 1 trace segment. cost: 00:00:00.0009701s
2021-10-16 16:41:56.691 +08:00 [ContentService] [Information] SkyApm.InstrumentStartup : Initializing ...
2021-10-16 16:41:56.781 +08:00 [ContentService] [Information] SkyApm.Service.RegisterService : Loaded instrument service [SkyApm.Service.RegisterService].
2021-10-16 16:41:56.781 +08:00 [ContentService] [Information] SkyApm.Service.PingService : Loaded instrument service [SkyApm.Service.PingService].
2021-10-16 16:41:56.781 +08:00 [ContentService] [Information] SkyApm.Service.ServiceDiscoveryV5Service : Loaded instrument service [SkyApm.Service.ServiceDiscoveryV5Service].
2021-10-16 16:41:56.781 +08:00 [ContentService] [Information] SkyApm.Service.SegmentReportService : Loaded instrument service [SkyApm.Service.SegmentReportService].
2021-10-16 16:41:56.782 +08:00 [ContentService] [Information] SkyApm.Service.CLRStatsService : Loaded instrument service [SkyApm.Service.CLRStatsService].
2021-10-16 16:41:56.782 +08:00 [ContentService] [Information] SkyApm.Sampling.SimpleCountSamplingInterceptor : Loaded instrument service [SkyApm.Sampling.SimpleCountSamplingInterceptor].
2021-10-16 16:41:56.782 +08:00 [ContentService] [Information] SkyApm.Transport.Grpc.V6.ConnectService : Loaded instrument service [SkyApm.Transport.Grpc.V6.ConnectService].
2021-10-16 16:41:56.898 +08:00 [ContentService] [Information] SkyApm.Diagnostics.TracingDiagnosticProcessorObserver : Loaded diagnostic listener [Microsoft.AspNetCore].
2021-10-16 16:41:56.898 +08:00 [ContentService] [Information] SkyApm.InstrumentStartup : Started SkyAPM .NET Core Agent.
2021-10-16 16:41:57.307 +08:00 [ContentService] [Information] SkyApm.Diagnostics.TracingDiagnosticProcessorObserver : Loaded diagnostic listener [HttpHandlerDiagnosticListener].
2021-10-16 16:43:41.595 +08:00 [ContentService] [Information] SkyApm.InstrumentStartup : Initializing ...
2021-10-16 16:43:41.664 +08:00 [ContentService] [Information] SkyApm.Service.RegisterService : Loaded instrument service [SkyApm.Service.RegisterService].
2021-10-16 16:43:41.664 +08:00 [ContentService] [Information] SkyApm.Service.PingService : Loaded instrument service [SkyApm.Service.PingService].
2021-10-16 16:43:41.664 +08:00 [ContentService] [Information] SkyApm.Service.ServiceDiscoveryV5Service : Loaded instrument service [SkyApm.Service.ServiceDiscoveryV5Service].
2021-10-16 16:43:41.664 +08:00 [ContentService] [Information] SkyApm.Service.SegmentReportService : Loaded instrument service [SkyApm.Service.SegmentReportService].
2021-10-16 16:43:41.664 +08:00 [ContentService] [Information] SkyApm.Service.CLRStatsService : Loaded instrument service [SkyApm.Service.CLRStatsService].
2021-10-16 16:43:41.664 +08:00 [ContentService] [Information] SkyApm.Sampling.SimpleCountSamplingInterceptor : Loaded instrument service [SkyApm.Sampling.SimpleCountSamplingInterceptor].
2021-10-16 16:43:41.665 +08:00 [ContentService] [Information] SkyApm.Transport.Grpc.V6.ConnectService : Loaded instrument service [SkyApm.Transport.Grpc.V6.ConnectService].
2021-10-16 16:43:41.827 +08:00 [ContentService] [Information] SkyApm.Diagnostics.TracingDiagnosticProcessorObserver : Loaded diagnostic listener [Microsoft.AspNetCore].
2021-10-16 16:43:41.828 +08:00 [ContentService] [Information] SkyApm.InstrumentStartup : Started SkyAPM .NET Core Agent.
2021-10-16 16:43:42.219 +08:00 [ContentService] [Information] SkyApm.Diagnostics.TracingDiagnosticProcessorObserver : Loaded diagnostic listener [HttpHandlerDiagnosticListener].
2021-10-16 16:43:51.997 +08:00 [ContentService] [Error] SkyApm.Transport.Grpc.ConnectionManager : Connect server timeout.
System.Threading.Tasks.TaskCanceledException: Reached deadline.
   at Grpc.Core.Channel.WaitForStateChangedAsync(ChannelState lastObservedState, Nullable`1 deadline)
   at Grpc.Core.Channel.ConnectAsync(Nullable`1 deadline)
   at SkyApm.Transport.Grpc.ConnectionManager.ConnectAsync()
2021-10-16 16:43:56.688 +08:00 [ContentService] [Information] SkyApm.Transport.Grpc.ConnectionManager : Shutdown connection[localhost:11800].
2021-10-16 16:46:52.622 +08:00 [ContentService] [Information] SkyApm.InstrumentStartup : Initializing ...
2021-10-16 16:46:52.725 +08:00 [ContentService] [Information] SkyApm.Service.RegisterService : Loaded instrument service [SkyApm.Service.RegisterService].
2021-10-16 16:46:52.725 +08:00 [ContentService] [Information] SkyApm.Service.PingService : Loaded instrument service [SkyApm.Service.PingService].
2021-10-16 16:46:52.725 +08:00 [ContentService] [Information] SkyApm.Service.ServiceDiscoveryV5Service : Loaded instrument service [SkyApm.Service.ServiceDiscoveryV5Service].
2021-10-16 16:46:52.725 +08:00 [ContentService] [Information] SkyApm.Service.SegmentReportService : Loaded instrument service [SkyApm.Service.SegmentReportService].
2021-10-16 16:46:52.726 +08:00 [ContentService] [Information] SkyApm.Service.CLRStatsService : Loaded instrument service [SkyApm.Service.CLRStatsService].
2021-10-16 16:46:52.726 +08:00 [ContentService] [Information] SkyApm.Sampling.SimpleCountSamplingInterceptor : Loaded instrument service [SkyApm.Sampling.SimpleCountSamplingInterceptor].
2021-10-16 16:46:52.726 +08:00 [ContentService] [Information] SkyApm.Transport.Grpc.V6.ConnectService : Loaded instrument service [SkyApm.Transport.Grpc.V6.ConnectService].
2021-10-16 16:46:52.903 +08:00 [ContentService] [Information] SkyApm.Diagnostics.TracingDiagnosticProcessorObserver : Loaded diagnostic listener [Microsoft.AspNetCore].
2021-10-16 16:46:52.904 +08:00 [ContentService] [Information] SkyApm.InstrumentStartup : Started SkyAPM .NET Core Agent.
2021-10-16 16:46:53.651 +08:00 [ContentService] [Information] SkyApm.Diagnostics.TracingDiagnosticProcessorObserver : Loaded diagnostic listener [HttpHandlerDiagnosticListener].
2021-10-16 16:47:03.274 +08:00 [ContentService] [Error] SkyApm.Transport.Grpc.ConnectionManager : Connect server timeout.
System.Threading.Tasks.TaskCanceledException: Reached deadline.
   at Grpc.Core.Channel.WaitForStateChangedAsync(ChannelState lastObservedState, Nullable`1 deadline)
   at Grpc.Core.Channel.ConnectAsync(Nullable`1 deadline)
   at SkyApm.Transport.Grpc.ConnectionManager.ConnectAsync()
2021-10-16 16:47:07.775 +08:00 [ContentService] [Information] SkyApm.Transport.Grpc.ConnectionManager : Shutdown connection[localhost:11800].
2021-10-16 16:47:11.573 +08:00 [ContentService] [Information] SkyApm.Diagnostics.TracingDiagnosticProcessorObserver : Loaded diagnostic listener [Microsoft.EntityFrameworkCore].
2021-10-16 16:47:17.825 +08:00 [ContentService] [Error] SkyApm.Transport.Grpc.ConnectionManager : Connect server timeout.
System.Threading.Tasks.TaskCanceledException: Reached deadline.
   at Grpc.Core.Channel.WaitForStateChangedAsync(ChannelState lastObservedState, Nullable`1 deadline)
   at Grpc.Core.Channel.ConnectAsync(Nullable`1 deadline)
   at SkyApm.Transport.Grpc.ConnectionManager.ConnectAsync()
2021-10-16 16:47:22.760 +08:00 [ContentService] [Information] SkyApm.Transport.Grpc.ConnectionManager : Shutdown connection[localhost:11800].
2021-10-16 16:47:32.786 +08:00 [ContentService] [Error] SkyApm.Transport.Grpc.ConnectionManager : Connect server timeout.
System.Threading.Tasks.TaskCanceledException: Reached deadline.
   at Grpc.Core.Channel.WaitForStateChangedAsync(ChannelState lastObservedState, Nullable`1 deadline)
   at Grpc.Core.Channel.ConnectAsync(Nullable`1 deadline)
   at SkyApm.Transport.Grpc.ConnectionManager.ConnectAsync()
2021-10-16 16:47:37.748 +08:00 [ContentService] [Information] SkyApm.Transport.Grpc.ConnectionManager : Shutdown connection[localhost:11800].
2021-10-16 16:47:47.768 +08:00 [ContentService] [Error] SkyApm.Transport.Grpc.ConnectionManager : Connect server timeout.
System.Threading.Tasks.TaskCanceledException: Reached deadline.
   at Grpc.Core.Channel.WaitForStateChangedAsync(ChannelState lastObservedState, Nullable`1 deadline)
   at Grpc.Core.Channel.ConnectAsync(Nullable`1 deadline)
   at SkyApm.Transport.Grpc.ConnectionManager.ConnectAsync()
2021-10-16 16:47:52.762 +08:00 [ContentService] [Information] SkyApm.Transport.Grpc.ConnectionManager : Shutdown connection[localhost:11800].
